TN:
SF:C:\Users\raquel\Documents\Proyectos\cdmx-2018-01-FE-markdown\md-links.js
FN:11,(anonymous_0)
FN:13,(anonymous_1)
FN:25,(anonymous_2)
FN:26,(anonymous_3)
FN:27,(anonymous_4)
FN:46,(anonymous_5)
FN:47,(anonymous_6)
FN:52,(anonymous_7)
FN:70,(anonymous_8)
FN:71,(anonymous_9)
FN:72,(anonymous_10)
FNF:11
FNH:5
FNDA:1,(anonymous_0)
FNDA:1,(anonymous_1)
FNDA:1,(anonymous_2)
FNDA:1,(anonymous_3)
FNDA:0,(anonymous_4)
FNDA:0,(anonymous_5)
FNDA:0,(anonymous_6)
FNDA:0,(anonymous_7)
FNDA:1,(anonymous_8)
FNDA:0,(anonymous_9)
FNDA:0,(anonymous_10)
DA:2,1
DA:4,1
DA:5,1
DA:9,1
DA:11,1
DA:13,1
DA:14,1
DA:15,1
DA:16,1
DA:17,1
DA:19,0
DA:25,1
DA:26,1
DA:27,1
DA:28,0
DA:29,0
DA:31,0
DA:32,0
DA:33,0
DA:34,0
DA:35,0
DA:36,0
DA:37,0
DA:38,0
DA:39,0
DA:46,1
DA:47,0
DA:48,0
DA:49,0
DA:50,0
DA:52,0
DA:54,0
DA:55,0
DA:57,0
DA:59,0
DA:60,0
DA:64,0
DA:69,1
DA:70,1
DA:71,0
DA:72,0
DA:74,1
LF:42
LH:17
BRDA:14,0,0,1
BRDA:14,0,1,0
BRDA:28,1,0,0
BRDA:28,1,1,0
BRDA:48,2,0,0
BRDA:48,2,1,0
BRDA:54,3,0,0
BRDA:54,3,1,0
BRF:8
BRH:1
end_of_record
